<?xml version="1.0" encoding="UTF-8"?>
<!-- Generated by org.testng.reporters.JUnitXMLReporter -->
<testsuite hostname="DESKTOP-3VL0V9C" ignored="0" name="Test" tests="3" failures="0" timestamp="13 Sep 2019 08:16:01 GMT" time="87.174" errors="0">
  <testcase name="loginwithvalidds1" time="28.436" classname="com.model.MercuryTestDemo"/>
  <testcase name="loginwithvalidds2" time="43.379" classname="com.model.MercuryTestDemo"/>
  <testcase name="loginwithinvalidds3" time="2.396" classname="com.model.MercuryTestDemo"/>
</testsuite> <!-- Test -->
